[ -175250ms] [ERROR] Blocked script execution in 'about:blank' because the document's frame is sandboxed and the 'allow-scripts' permission is not set. @ about:blank:0
[ -174249ms] [ERROR] Blocked script execution in 'about:blank' because the document's frame is sandboxed and the 'allow-scripts' permission is not set. @ about:blank:0
[ -173250ms] [ERROR] Blocked script execution in 'about:blank' because the document's frame is sandboxed and the 'allow-scripts' permission is not set. @ about:blank:0
[ -172249ms] [ERROR] Blocked script execution in 'about:blank' because the document's frame is sandboxed and the 'allow-scripts' permission is not set. @ about:blank:0
[ -171250ms] [ERROR] Blocked script execution in 'about:blank' because the document's frame is sandboxed and the 'allow-scripts' permission is not set. @ about:blank:0
[ -170250ms] [ERROR] Blocked script execution in 'about:blank' because the document's frame is sandboxed and the 'allow-scripts' permission is not set. @ about:blank:0
[ -169249ms] [ERROR] Blocked script execution in 'about:blank' because the document's frame is sandboxed and the 'allow-scripts' permission is not set. @ about:blank:0
[ -168250ms] [ERROR] Blocked script execution in 'about:blank' because the document's frame is sandboxed and the 'allow-scripts' permission is not set. @ about:blank:0
[ -167249ms] [ERROR] Blocked script execution in 'about:blank' because the document's frame is sandboxed and the 'allow-scripts' permission is not set. @ about:blank:0
[ -166249ms] [ERROR] Blocked script execution in 'about:blank' because the document's frame is sandboxed and the 'allow-scripts' permission is not set. @ about:blank:0
[ -165249ms] [ERROR] Blocked script execution in 'about:blank' because the document's frame is sandboxed and the 'allow-scripts' permission is not set. @ about:blank:0
[ -164250ms] [ERROR] Blocked script execution in 'about:blank' because the document's frame is sandboxed and the 'allow-scripts' permission is not set. @ about:blank:0
[ -163250ms] [ERROR] Blocked script execution in 'about:blank' because the document's frame is sandboxed and the 'allow-scripts' permission is not set. @ about:blank:0
[ -162249ms] [ERROR] Blocked script execution in 'about:blank' because the document's frame is sandboxed and the 'allow-scripts' permission is not set. @ about:blank:0
[ -161249ms] [ERROR] Blocked script execution in 'about:blank' because the document's frame is sandboxed and the 'allow-scripts' permission is not set. @ about:blank:0
[ -160250ms] [ERROR] Blocked script execution in 'about:blank' because the document's frame is sandboxed and the 'allow-scripts' permission is not set. @ about:blank:0
[ -159250ms] [ERROR] Blocked script execution in 'about:blank' because the document's frame is sandboxed and the 'allow-scripts' permission is not set. @ about:blank:0
[ -158250ms] [ERROR] Blocked script execution in 'about:blank' because the document's frame is sandboxed and the 'allow-scripts' permission is not set. @ about:blank:0
[ -157250ms] [ERROR] Blocked script execution in 'about:blank' because the document's frame is sandboxed and the 'allow-scripts' permission is not set. @ about:blank:0
[ -156249ms] [ERROR] Blocked script execution in 'about:blank' because the document's frame is sandboxed and the 'allow-scripts' permission is not set. @ about:blank:0
[ -155249ms] [ERROR] Blocked script execution in 'about:blank' because the document's frame is sandboxed and the 'allow-scripts' permission is not set. @ about:blank:0
[ -154250ms] [ERROR] Blocked script execution in 'about:blank' because the document's frame is sandboxed and the 'allow-scripts' permission is not set. @ about:blank:0
[ -153249ms] [ERROR] Blocked script execution in 'about:blank' because the document's frame is sandboxed and the 'allow-scripts' permission is not set. @ about:blank:0
[ -152250ms] [ERROR] Blocked script execution in 'about:blank' because the document's frame is sandboxed and the 'allow-scripts' permission is not set. @ about:blank:0
[ -151249ms] [ERROR] Blocked script execution in 'about:blank' because the document's frame is sandboxed and the 'allow-scripts' permission is not set. @ about:blank:0
[ -150249ms] [ERROR] Blocked script execution in 'about:blank' because the document's frame is sandboxed and the 'allow-scripts' permission is not set. @ about:blank:0
[ -149248ms] [ERROR] Blocked script execution in 'about:blank' because the document's frame is sandboxed and the 'allow-scripts' permission is not set. @ about:blank:0
[ -148250ms] [ERROR] Blocked script execution in 'about:blank' because the document's frame is sandboxed and the 'allow-scripts' permission is not set. @ about:blank:0
[ -147250ms] [ERROR] Blocked script execution in 'about:blank' because the document's frame is sandboxed and the 'allow-scripts' permission is not set. @ about:blank:0
[ -146249ms] [ERROR] Blocked script execution in 'about:blank' because the document's frame is sandboxed and the 'allow-scripts' permission is not set. @ about:blank:0
[ -145250ms] [ERROR] Blocked script execution in 'about:blank' because the document's frame is sandboxed and the 'allow-scripts' permission is not set. @ about:blank:0
[ -144249ms] [ERROR] Blocked script execution in 'about:blank' because the document's frame is sandboxed and the 'allow-scripts' permission is not set. @ about:blank:0
[ -143250ms] [ERROR] Blocked script execution in 'about:blank' because the document's frame is sandboxed and the 'allow-scripts' permission is not set. @ about:blank:0
[ -142249ms] [ERROR] Blocked script execution in 'about:blank' because the document's frame is sandboxed and the 'allow-scripts' permission is not set. @ about:blank:0
[ -141249ms] [ERROR] Blocked script execution in 'about:blank' because the document's frame is sandboxed and the 'allow-scripts' permission is not set. @ about:blank:0
[ -140249ms] [ERROR] Blocked script execution in 'about:blank' because the document's frame is sandboxed and the 'allow-scripts' permission is not set. @ about:blank:0
[ -139250ms] [ERROR] Blocked script execution in 'about:blank' because the document's frame is sandboxed and the 'allow-scripts' permission is not set. @ about:blank:0
[ -138250ms] [ERROR] Blocked script execution in 'about:blank' because the document's frame is sandboxed and the 'allow-scripts' permission is not set. @ about:blank:0
[ -137249ms] [ERROR] Blocked script execution in 'about:blank' because the document's frame is sandboxed and the 'allow-scripts' permission is not set. @ about:blank:0
[ -136249ms] [ERROR] Blocked script execution in 'about:blank' because the document's frame is sandboxed and the 'allow-scripts' permission is not set. @ about:blank:0
[ -135250ms] [ERROR] Blocked script execution in 'about:blank' because the document's frame is sandboxed and the 'allow-scripts' permission is not set. @ about:blank:0
[ -134249ms] [ERROR] Blocked script execution in 'about:blank' because the document's frame is sandboxed and the 'allow-scripts' permission is not set. @ about:blank:0
[ -133249ms] [ERROR] Blocked script execution in 'about:blank' because the document's frame is sandboxed and the 'allow-scripts' permission is not set. @ about:blank:0
[ -132249ms] [ERROR] Blocked script execution in 'about:blank' because the document's frame is sandboxed and the 'allow-scripts' permission is not set. @ about:blank:0
[ -131248ms] [ERROR] Blocked script execution in 'about:blank' because the document's frame is sandboxed and the 'allow-scripts' permission is not set. @ about:blank:0
[ -130249ms] [ERROR] Blocked script execution in 'about:blank' because the document's frame is sandboxed and the 'allow-scripts' permission is not set. @ about:blank:0
[ -129249ms] [ERROR] Blocked script execution in 'about:blank' because the document's frame is sandboxed and the 'allow-scripts' permission is not set. @ about:blank:0
[ -128249ms] [ERROR] Blocked script execution in 'about:blank' because the document's frame is sandboxed and the 'allow-scripts' permission is not set. @ about:blank:0
[ -127248ms] [ERROR] Blocked script execution in 'about:blank' because the document's frame is sandboxed and the 'allow-scripts' permission is not set. @ about:blank:0
[ -126249ms] [ERROR] Blocked script execution in 'about:blank' because the document's frame is sandboxed and the 'allow-scripts' permission is not set. @ about:blank:0
[ -125249ms] [ERROR] Blocked script execution in 'about:blank' because the document's frame is sandboxed and the 'allow-scripts' permission is not set. @ about:blank:0
[ -124249ms] [ERROR] Blocked script execution in 'about:blank' because the document's frame is sandboxed and the 'allow-scripts' permission is not set. @ about:blank:0
[ -123250ms] [ERROR] Blocked script execution in 'about:blank' because the document's frame is sandboxed and the 'allow-scripts' permission is not set. @ about:blank:0
[ -122249ms] [ERROR] Blocked script execution in 'about:blank' because the document's frame is sandboxed and the 'allow-scripts' permission is not set. @ about:blank:0
[ -121249ms] [ERROR] Blocked script execution in 'about:blank' because the document's frame is sandboxed and the 'allow-scripts' permission is not set. @ about:blank:0
[ -120250ms] [ERROR] Blocked script execution in 'about:blank' because the document's frame is sandboxed and the 'allow-scripts' permission is not set. @ about:blank:0
[ -119249ms] [ERROR] Blocked script execution in 'about:blank' because the document's frame is sandboxed and the 'allow-scripts' permission is not set. @ about:blank:0
[ -118249ms] [ERROR] Blocked script execution in 'about:blank' because the document's frame is sandboxed and the 'allow-scripts' permission is not set. @ about:blank:0
[ -117249ms] [ERROR] Blocked script execution in 'about:blank' because the document's frame is sandboxed and the 'allow-scripts' permission is not set. @ about:blank:0
[ -116249ms] [ERROR] Blocked script execution in 'about:blank' because the document's frame is sandboxed and the 'allow-scripts' permission is not set. @ about:blank:0
[ -115249ms] [ERROR] Blocked script execution in 'about:blank' because the document's frame is sandboxed and the 'allow-scripts' permission is not set. @ about:blank:0
[ -114249ms] [ERROR] Blocked script execution in 'about:blank' because the document's frame is sandboxed and the 'allow-scripts' permission is not set. @ about:blank:0
[ -113249ms] [ERROR] Blocked script execution in 'about:blank' because the document's frame is sandboxed and the 'allow-scripts' permission is not set. @ about:blank:0
[ -112249ms] [ERROR] Blocked script execution in 'about:blank' because the document's frame is sandboxed and the 'allow-scripts' permission is not set. @ about:blank:0
[ -111249ms] [ERROR] Blocked script execution in 'about:blank' because the document's frame is sandboxed and the 'allow-scripts' permission is not set. @ about:blank:0
[ -110249ms] [ERROR] Blocked script execution in 'about:blank' because the document's frame is sandboxed and the 'allow-scripts' permission is not set. @ about:blank:0
[ -109249ms] [ERROR] Blocked script execution in 'about:blank' because the document's frame is sandboxed and the 'allow-scripts' permission is not set. @ about:blank:0
[ -108250ms] [ERROR] Blocked script execution in 'about:blank' because the document's frame is sandboxed and the 'allow-scripts' permission is not set. @ about:blank:0
[ -107919ms] [ERROR] Failed to load resource: net::ERR_BLOCKED_BY_CLIENT @ https://www.youtube.com/youtubei/v1/log_event?alt=json:0
[ -107250ms] [ERROR] Blocked script execution in 'about:blank' because the document's frame is sandboxed and the 'allow-scripts' permission is not set. @ about:blank:0
[ -106250ms] [ERROR] Blocked script execution in 'about:blank' because the document's frame is sandboxed and the 'allow-scripts' permission is not set. @ about:blank:0
[ -105249ms] [ERROR] Blocked script execution in 'about:blank' because the document's frame is sandboxed and the 'allow-scripts' permission is not set. @ about:blank:0
[ -104918ms] [WARNING] The resource https://i.ytimg.com/generate_204 was preloaded using link preload but not used within a few seconds from the window's load event. Please make sure it has an appropriate `as` value and it is preloaded intentionally. @ https://www.youtube.com/watch?v=6cEQEba0i2A&t=411s:0
[ -104249ms] [ERROR] Blocked script execution in 'about:blank' because the document's frame is sandboxed and the 'allow-scripts' permission is not set. @ about:blank:0
[ -103249ms] [ERROR] Blocked script execution in 'about:blank' because the document's frame is sandboxed and the 'allow-scripts' permission is not set. @ about:blank:0
[ -102797ms] [ERROR] Failed to load resource: net::ERR_BLOCKED_BY_CLIENT @ https://www.youtube.com/youtubei/v1/log_event?alt=json:0
[ -102249ms] [ERROR] Blocked script execution in 'about:blank' because the document's frame is sandboxed and the 'allow-scripts' permission is not set. @ about:blank:0
[ -101249ms] [ERROR] Blocked script execution in 'about:blank' because the document's frame is sandboxed and the 'allow-scripts' permission is not set. @ about:blank:0
[ -100249ms] [ERROR] Blocked script execution in 'about:blank' because the document's frame is sandboxed and the 'allow-scripts' permission is not set. @ about:blank:0
[  -99797ms] [WARNING] The resource https://i.ytimg.com/generate_204 was preloaded using link preload but not used within a few seconds from the window's load event. Please make sure it has an appropriate `as` value and it is preloaded intentionally. @ https://www.youtube.com/watch?v=6cEQEba0i2A&t=411s:0
[  -99249ms] [ERROR] Blocked script execution in 'about:blank' because the document's frame is sandboxed and the 'allow-scripts' permission is not set. @ about:blank:0
[  -98249ms] [ERROR] Blocked script execution in 'about:blank' because the document's frame is sandboxed and the 'allow-scripts' permission is not set. @ about:blank:0
[  -97249ms] [ERROR] Blocked script execution in 'about:blank' because the document's frame is sandboxed and the 'allow-scripts' permission is not set. @ about:blank:0
[  -96249ms] [ERROR] Blocked script execution in 'about:blank' because the document's frame is sandboxed and the 'allow-scripts' permission is not set. @ about:blank:0
[  -95249ms] [ERROR] Blocked script execution in 'about:blank' because the document's frame is sandboxed and the 'allow-scripts' permission is not set. @ about:blank:0
[  -94250ms] [ERROR] Blocked script execution in 'about:blank' because the document's frame is sandboxed and the 'allow-scripts' permission is not set. @ about:blank:0
[  -93249ms] [ERROR] Blocked script execution in 'about:blank' because the document's frame is sandboxed and the 'allow-scripts' permission is not set. @ about:blank:0
[  -92249ms] [ERROR] Blocked script execution in 'about:blank' because the document's frame is sandboxed and the 'allow-scripts' permission is not set. @ about:blank:0
[  -91248ms] [ERROR] Blocked script execution in 'about:blank' because the document's frame is sandboxed and the 'allow-scripts' permission is not set. @ about:blank:0
[  -90250ms] [ERROR] Blocked script execution in 'about:blank' because the document's frame is sandboxed and the 'allow-scripts' permission is not set. @ about:blank:0
[  -89249ms] [ERROR] Blocked script execution in 'about:blank' because the document's frame is sandboxed and the 'allow-scripts' permission is not set. @ about:blank:0
[  -88249ms] [ERROR] Blocked script execution in 'about:blank' because the document's frame is sandboxed and the 'allow-scripts' permission is not set. @ about:blank:0
[  -87249ms] [ERROR] Blocked script execution in 'about:blank' because the document's frame is sandboxed and the 'allow-scripts' permission is not set. @ about:blank:0
[  -86249ms] [ERROR] Blocked script execution in 'about:blank' because the document's frame is sandboxed and the 'allow-scripts' permission is not set. @ about:blank:0
[  -85249ms] [ERROR] Blocked script execution in 'about:blank' because the document's frame is sandboxed and the 'allow-scripts' permission is not set. @ about:blank:0
[  -84249ms] [ERROR] Blocked script execution in 'about:blank' because the document's frame is sandboxed and the 'allow-scripts' permission is not set. @ about:blank:0
[  -83248ms] [ERROR] Blocked script execution in 'about:blank' because the document's frame is sandboxed and the 'allow-scripts' permission is not set. @ about:blank:0
[  -82249ms] [ERROR] Blocked script execution in 'about:blank' because the document's frame is sandboxed and the 'allow-scripts' permission is not set. @ about:blank:0
[  -81248ms] [ERROR] Blocked script execution in 'about:blank' because the document's frame is sandboxed and the 'allow-scripts' permission is not set. @ about:blank:0
[  -80249ms] [ERROR] Blocked script execution in 'about:blank' because the document's frame is sandboxed and the 'allow-scripts' permission is not set. @ about:blank:0
[  -79248ms] [ERROR] Blocked script execution in 'about:blank' because the document's frame is sandboxed and the 'allow-scripts' permission is not set. @ about:blank:0
[  -78249ms] [ERROR] Blocked script execution in 'about:blank' because the document's frame is sandboxed and the 'allow-scripts' permission is not set. @ about:blank:0
[  -77249ms] [ERROR] Blocked script execution in 'about:blank' because the document's frame is sandboxed and the 'allow-scripts' permission is not set. @ about:blank:0
[  -76248ms] [ERROR] Blocked script execution in 'about:blank' because the document's frame is sandboxed and the 'allow-scripts' permission is not set. @ about:blank:0
[  -75249ms] [ERROR] Blocked script execution in 'about:blank' because the document's frame is sandboxed and the 'allow-scripts' permission is not set. @ about:blank:0
[  -74249ms] [ERROR] Blocked script execution in 'about:blank' because the document's frame is sandboxed and the 'allow-scripts' permission is not set. @ about:blank:0
[  -73249ms] [ERROR] Blocked script execution in 'about:blank' because the document's frame is sandboxed and the 'allow-scripts' permission is not set. @ about:blank:0
[  -72249ms] [ERROR] Blocked script execution in 'about:blank' because the document's frame is sandboxed and the 'allow-scripts' permission is not set. @ about:blank:0
[  -71249ms] [ERROR] Blocked script execution in 'about:blank' because the document's frame is sandboxed and the 'allow-scripts' permission is not set. @ about:blank:0
[  -70248ms] [ERROR] Blocked script execution in 'about:blank' because the document's frame is sandboxed and the 'allow-scripts' permission is not set. @ about:blank:0
[  -69249ms] [ERROR] Blocked script execution in 'about:blank' because the document's frame is sandboxed and the 'allow-scripts' permission is not set. @ about:blank:0
[  -68249ms] [ERROR] Blocked script execution in 'about:blank' because the document's frame is sandboxed and the 'allow-scripts' permission is not set. @ about:blank:0
[  -67248ms] [ERROR] Blocked script execution in 'about:blank' because the document's frame is sandboxed and the 'allow-scripts' permission is not set. @ about:blank:0
[  -66248ms] [ERROR] Blocked script execution in 'about:blank' because the document's frame is sandboxed and the 'allow-scripts' permission is not set. @ about:blank:0
[  -65249ms] [ERROR] Blocked script execution in 'about:blank' because the document's frame is sandboxed and the 'allow-scripts' permission is not set. @ about:blank:0
[  -64249ms] [ERROR] Blocked script execution in 'about:blank' because the document's frame is sandboxed and the 'allow-scripts' permission is not set. @ about:blank:0
[  -63248ms] [ERROR] Blocked script execution in 'about:blank' because the document's frame is sandboxed and the 'allow-scripts' permission is not set. @ about:blank:0
[  -62249ms] [ERROR] Blocked script execution in 'about:blank' because the document's frame is sandboxed and the 'allow-scripts' permission is not set. @ about:blank:0
[  -61249ms] [ERROR] Blocked script execution in 'about:blank' because the document's frame is sandboxed and the 'allow-scripts' permission is not set. @ about:blank:0
[  -60248ms] [ERROR] Blocked script execution in 'about:blank' because the document's frame is sandboxed and the 'allow-scripts' permission is not set. @ about:blank:0
[  -59248ms] [ERROR] Blocked script execution in 'about:blank' because the document's frame is sandboxed and the 'allow-scripts' permission is not set. @ about:blank:0
[  -58248ms] [ERROR] Blocked script execution in 'about:blank' because the document's frame is sandboxed and the 'allow-scripts' permission is not set. @ about:blank:0
[  -57249ms] [ERROR] Blocked script execution in 'about:blank' because the document's frame is sandboxed and the 'allow-scripts' permission is not set. @ about:blank:0
[  -56249ms] [ERROR] Blocked script execution in 'about:blank' because the document's frame is sandboxed and the 'allow-scripts' permission is not set. @ about:blank:0
[  -55249ms] [ERROR] Blocked script execution in 'about:blank' because the document's frame is sandboxed and the 'allow-scripts' permission is not set. @ about:blank:0
[  -54249ms] [ERROR] Blocked script execution in 'about:blank' because the document's frame is sandboxed and the 'allow-scripts' permission is not set. @ about:blank:0
[  -53249ms] [ERROR] Blocked script execution in 'about:blank' because the document's frame is sandboxed and the 'allow-scripts' permission is not set. @ about:blank:0
[  -52249ms] [ERROR] Blocked script execution in 'about:blank' because the document's frame is sandboxed and the 'allow-scripts' permission is not set. @ about:blank:0
[  -51248ms] [ERROR] Blocked script execution in 'about:blank' because the document's frame is sandboxed and the 'allow-scripts' permission is not set. @ about:blank:0
[  -50249ms] [ERROR] Blocked script execution in 'about:blank' because the document's frame is sandboxed and the 'allow-scripts' permission is not set. @ about:blank:0
[  -49248ms] [ERROR] Blocked script execution in 'about:blank' because the document's frame is sandboxed and the 'allow-scripts' permission is not set. @ about:blank:0
[  -48249ms] [ERROR] Blocked script execution in 'about:blank' because the document's frame is sandboxed and the 'allow-scripts' permission is not set. @ about:blank:0
[  -47248ms] [ERROR] Blocked script execution in 'about:blank' because the document's frame is sandboxed and the 'allow-scripts' permission is not set. @ about:blank:0
[  -46249ms] [ERROR] Blocked script execution in 'about:blank' because the document's frame is sandboxed and the 'allow-scripts' permission is not set. @ about:blank:0
[  -45249ms] [ERROR] Blocked script execution in 'about:blank' because the document's frame is sandboxed and the 'allow-scripts' permission is not set. @ about:blank:0
[  -44248ms] [ERROR] Blocked script execution in 'about:blank' because the document's frame is sandboxed and the 'allow-scripts' permission is not set. @ about:blank:0
[  -43249ms] [ERROR] Blocked script execution in 'about:blank' because the document's frame is sandboxed and the 'allow-scripts' permission is not set. @ about:blank:0
[  -42249ms] [ERROR] Blocked script execution in 'about:blank' because the document's frame is sandboxed and the 'allow-scripts' permission is not set. @ about:blank:0
[  -41249ms] [ERROR] Blocked script execution in 'about:blank' because the document's frame is sandboxed and the 'allow-scripts' permission is not set. @ about:blank:0
[  -40249ms] [ERROR] Blocked script execution in 'about:blank' because the document's frame is sandboxed and the 'allow-scripts' permission is not set. @ about:blank:0
[  -39249ms] [ERROR] Blocked script execution in 'about:blank' because the document's frame is sandboxed and the 'allow-scripts' permission is not set. @ about:blank:0
[  -38248ms] [ERROR] Blocked script execution in 'about:blank' because the document's frame is sandboxed and the 'allow-scripts' permission is not set. @ about:blank:0
[  -37248ms] [ERROR] Blocked script execution in 'about:blank' because the document's frame is sandboxed and the 'allow-scripts' permission is not set. @ about:blank:0
[  -36248ms] [ERROR] Blocked script execution in 'about:blank' because the document's frame is sandboxed and the 'allow-scripts' permission is not set. @ about:blank:0
[  -35248ms] [ERROR] Blocked script execution in 'about:blank' because the document's frame is sandboxed and the 'allow-scripts' permission is not set. @ about:blank:0
[  -34249ms] [ERROR] Blocked script execution in 'about:blank' because the document's frame is sandboxed and the 'allow-scripts' permission is not set. @ about:blank:0
[  -33248ms] [ERROR] Blocked script execution in 'about:blank' because the document's frame is sandboxed and the 'allow-scripts' permission is not set. @ about:blank:0
[  -32248ms] [ERROR] Blocked script execution in 'about:blank' because the document's frame is sandboxed and the 'allow-scripts' permission is not set. @ about:blank:0
[  -31248ms] [ERROR] Blocked script execution in 'about:blank' because the document's frame is sandboxed and the 'allow-scripts' permission is not set. @ about:blank:0
[  -30249ms] [ERROR] Blocked script execution in 'about:blank' because the document's frame is sandboxed and the 'allow-scripts' permission is not set. @ about:blank:0
[  -29248ms] [ERROR] Blocked script execution in 'about:blank' because the document's frame is sandboxed and the 'allow-scripts' permission is not set. @ about:blank:0
[  -28249ms] [ERROR] Blocked script execution in 'about:blank' because the document's frame is sandboxed and the 'allow-scripts' permission is not set. @ about:blank:0
[  -27248ms] [ERROR] Blocked script execution in 'about:blank' because the document's frame is sandboxed and the 'allow-scripts' permission is not set. @ about:blank:0
[  -26249ms] [ERROR] Blocked script execution in 'about:blank' because the document's frame is sandboxed and the 'allow-scripts' permission is not set. @ about:blank:0
[  -25249ms] [ERROR] Blocked script execution in 'about:blank' because the document's frame is sandboxed and the 'allow-scripts' permission is not set. @ about:blank:0
[  -24248ms] [ERROR] Blocked script execution in 'about:blank' because the document's frame is sandboxed and the 'allow-scripts' permission is not set. @ about:blank:0
[  -23248ms] [ERROR] Blocked script execution in 'about:blank' because the document's frame is sandboxed and the 'allow-scripts' permission is not set. @ about:blank:0
[  -22249ms] [ERROR] Blocked script execution in 'about:blank' because the document's frame is sandboxed and the 'allow-scripts' permission is not set. @ about:blank:0
[  -21249ms] [ERROR] Blocked script execution in 'about:blank' because the document's frame is sandboxed and the 'allow-scripts' permission is not set. @ about:blank:0
[  -20249ms] [ERROR] Blocked script execution in 'about:blank' because the document's frame is sandboxed and the 'allow-scripts' permission is not set. @ about:blank:0
[  -19248ms] [ERROR] Blocked script execution in 'about:blank' because the document's frame is sandboxed and the 'allow-scripts' permission is not set. @ about:blank:0
[  -18246ms] [ERROR] Blocked script execution in 'about:blank' because the document's frame is sandboxed and the 'allow-scripts' permission is not set. @ about:blank:0
[  -17249ms] [ERROR] Blocked script execution in 'about:blank' because the document's frame is sandboxed and the 'allow-scripts' permission is not set. @ about:blank:0
[  -16248ms] [ERROR] Blocked script execution in 'about:blank' because the document's frame is sandboxed and the 'allow-scripts' permission is not set. @ about:blank:0
[  -15248ms] [ERROR] Blocked script execution in 'about:blank' because the document's frame is sandboxed and the 'allow-scripts' permission is not set. @ about:blank:0
[  -15043ms] [WARNING] The resource https://i.ytimg.com/generate_204 was preloaded using link preload but not used within a few seconds from the window's load event. Please make sure it has an appropriate `as` value and it is preloaded intentionally. @ https://www.youtube.com/watch?v=6cEQEba0i2A&t=411s:0
[  -14249ms] [ERROR] Blocked script execution in 'about:blank' because the document's frame is sandboxed and the 'allow-scripts' permission is not set. @ about:blank:0
[  -13248ms] [ERROR] Blocked script execution in 'about:blank' because the document's frame is sandboxed and the 'allow-scripts' permission is not set. @ about:blank:0
[  -12248ms] [ERROR] Blocked script execution in 'about:blank' because the document's frame is sandboxed and the 'allow-scripts' permission is not set. @ about:blank:0
[  -11248ms] [ERROR] Blocked script execution in 'about:blank' because the document's frame is sandboxed and the 'allow-scripts' permission is not set. @ about:blank:0
[  -10248ms] [ERROR] Blocked script execution in 'about:blank' because the document's frame is sandboxed and the 'allow-scripts' permission is not set. @ about:blank:0
[   -9248ms] [ERROR] Blocked script execution in 'about:blank' because the document's frame is sandboxed and the 'allow-scripts' permission is not set. @ about:blank:0
[   -8249ms] [ERROR] Blocked script execution in 'about:blank' because the document's frame is sandboxed and the 'allow-scripts' permission is not set. @ about:blank:0
[   -7249ms] [ERROR] Blocked script execution in 'about:blank' because the document's frame is sandboxed and the 'allow-scripts' permission is not set. @ about:blank:0
[   -6248ms] [ERROR] Blocked script execution in 'about:blank' because the document's frame is sandboxed and the 'allow-scripts' permission is not set. @ about:blank:0
[   -5248ms] [ERROR] Blocked script execution in 'about:blank' because the document's frame is sandboxed and the 'allow-scripts' permission is not set. @ about:blank:0
[   -4248ms] [ERROR] Blocked script execution in 'about:blank' because the document's frame is sandboxed and the 'allow-scripts' permission is not set. @ about:blank:0
[   -3248ms] [ERROR] Blocked script execution in 'about:blank' because the document's frame is sandboxed and the 'allow-scripts' permission is not set. @ about:blank:0
[   -2249ms] [ERROR] Blocked script execution in 'about:blank' because the document's frame is sandboxed and the 'allow-scripts' permission is not set. @ about:blank:0
[   -1248ms] [ERROR] Blocked script execution in 'about:blank' because the document's frame is sandboxed and the 'allow-scripts' permission is not set. @ about:blank:0
[    -249ms] [ERROR] Blocked script execution in 'about:blank' because the document's frame is sandboxed and the 'allow-scripts' permission is not set. @ about:blank:0
[-3030480ms] [INFO] LegacyDataMixin will be applied to all legacy elements.
Set `_legacyUndefinedCheck: true` on element class to enable. @ https://www.youtube.com/s/_/ytmainappweb/_/js/k=ytmainappweb.kevlar_base.en_US.0ogJmpz-zFE.es5.O/am=AAAAAEAAYAhA/d=1/br=1/rs=AGKMywEJ39Y72OdCYx7pvs-jOpADrHXr8A/m=kevlar_base_module,kevlar_main_module,kevlar_base_sync_mod_chunk:9787
[     752ms] [ERROR] Blocked script execution in 'about:blank' because the document's frame is sandboxed and the 'allow-scripts' permission is not set. @ about:blank:0
[    1751ms] [ERROR] Blocked script execution in 'about:blank' because the document's frame is sandboxed and the 'allow-scripts' permission is not set. @ about:blank:0
[    2752ms] [ERROR] Blocked script execution in 'about:blank' because the document's frame is sandboxed and the 'allow-scripts' permission is not set. @ about:blank:0
[    3752ms] [ERROR] Blocked script execution in 'about:blank' because the document's frame is sandboxed and the 'allow-scripts' permission is not set. @ about:blank:0
[    4751ms] [ERROR] Blocked script execution in 'about:blank' because the document's frame is sandboxed and the 'allow-scripts' permission is not set. @ about:blank:0
[    5751ms] [ERROR] Blocked script execution in 'about:blank' because the document's frame is sandboxed and the 'allow-scripts' permission is not set. @ about:blank:0
[    6752ms] [ERROR] Blocked script execution in 'about:blank' because the document's frame is sandboxed and the 'allow-scripts' permission is not set. @ about:blank:0
[    7751ms] [ERROR] Blocked script execution in 'about:blank' because the document's frame is sandboxed and the 'allow-scripts' permission is not set. @ about:blank:0
[    8751ms] [ERROR] Blocked script execution in 'about:blank' because the document's frame is sandboxed and the 'allow-scripts' permission is not set. @ about:blank:0
[    9751ms] [ERROR] Blocked script execution in 'about:blank' because the document's frame is sandboxed and the 'allow-scripts' permission is not set. @ about:blank:0
[   10752ms] [ERROR] Blocked script execution in 'about:blank' because the document's frame is sandboxed and the 'allow-scripts' permission is not set. @ about:blank:0
